This is pdfTeX, Version 3.14159265-2.6-1.40.19 (MiKTeX 2.9.6930 64-bit) (preloaded format=pdflatex 2019.3.4)  14 MAR 2019 21:45
entering extended mode
**./Rieble_Nikolas_resume.tex
(Rieble_Nikolas_resume.tex
LaTeX2e <2018-12-01>
(D:\Programme\Miketex\tex/latex/base\article.cls
Document Class: article 2018/09/03 v1.4i Standard LaTeX document class
(D:\Programme\Miketex\tex/latex/base\size11.clo
File: size11.clo 2018/09/03 v1.4i Standard LaTeX file (size option)
)
\c@part=\count80
\c@section=\count81
\c@subsection=\count82
\c@subsubsection=\count83
\c@paragraph=\count84
\c@subparagraph=\count85
\c@figure=\count86
\c@table=\count87
\abovecaptionskip=\skip41
\belowcaptionskip=\skip42
\bibindent=\dimen102
)
(D:\Programme\Miketex\tex/latex/base\latexsym.sty
Package: latexsym 1998/08/17 v2.2e Standard LaTeX package (lasy symbols)
\symlasy=\mathgroup4
LaTeX Font Info:    Overwriting symbol font `lasy' in version `bold'
(Font)                  U/lasy/m/n --> U/lasy/b/n on input line 52.
)
(D:\Programme\Miketex\tex/latex/preprint\fullpage.sty
Package: fullpage 1999/02/23 1.1 (PWD)
\FP@margin=\skip43
)
(D:\Programme\Miketex\tex/latex/titlesec\titlesec.sty
Package: titlesec 2016/03/21 v2.10.2 Sectioning titles
\ttl@box=\box27
\beforetitleunit=\skip44
\aftertitleunit=\skip45
\ttl@plus=\dimen103
\ttl@minus=\dimen104
\ttl@toksa=\toks14
\titlewidth=\dimen105
\titlewidthlast=\dimen106
\titlewidthfirst=\dimen107
)
(D:\Programme\Miketex\tex/latex/marvosym\marvosym.sty
Package: marvosym 2011/07/20 v2.2 Martin Vogel's Symbols font definitions
)
(D:\Programme\Miketex\tex/latex/graphics\color.sty
Package: color 2016/07/10 v1.1e Standard LaTeX Color (DPC)

(D:\Programme\Miketex\tex/latex/graphics-cfg\color.cfg
File: color.cfg 2016/01/02 v1.6 sample color configuration
)
Package color Info: Driver file: pdftex.def on input line 147.

(D:\Programme\Miketex\tex/latex/graphics-def\pdftex.def
File: pdftex.def 2018/01/08 v1.0l Graphics/color driver for pdftex
)
(D:\Programme\Miketex\tex/latex/graphics\dvipsnam.def
File: dvipsnam.def 2016/06/17 v3.0m Driver-dependent file (DPC,SPQR)
))
(D:\Programme\Miketex\tex/latex/tools\verbatim.sty
Package: verbatim 2014/10/28 v1.5q LaTeX2e package for verbatim enhancements
\every@verbatim=\toks15
\verbatim@line=\toks16
\verbatim@in@stream=\read1
)
(D:\Programme\Miketex\tex/latex/enumitem\enumitem.sty
Package: enumitem 2019/02/04 v3.8 Customized lists
\enitkv@toks@=\toks17
\labelindent=\skip46
\enit@outerparindent=\dimen108
\enit@toks=\toks18
\enit@inbox=\box28
\enit@count@id=\count88
\enitdp@description=\count89
)
(D:\Programme\Miketex\tex/latex/hyperref\hyperref.sty
Package: hyperref 2018/11/30 v6.88e Hypertext links for LaTeX

(D:\Programme\Miketex\tex/generic/oberdiek\hobsub-hyperref.sty
Package: hobsub-hyperref 2016/05/16 v1.14 Bundle oberdiek, subset hyperref (HO)


(D:\Programme\Miketex\tex/generic/oberdiek\hobsub-generic.sty
Package: hobsub-generic 2016/05/16 v1.14 Bundle oberdiek, subset generic (HO)
Package: hobsub 2016/05/16 v1.14 Construct package bundles (HO)
Package: infwarerr 2016/05/16 v1.4 Providing info/warning/error messages (HO)
Package: ltxcmds 2016/05/16 v1.23 LaTeX kernel commands for general use (HO)
Package: ifluatex 2016/05/16 v1.4 Provides the ifluatex switch (HO)
Package ifluatex Info: LuaTeX not detected.
Package: ifvtex 2016/05/16 v1.6 Detect VTeX and its facilities (HO)
Package ifvtex Info: VTeX not detected.
Package: intcalc 2016/05/16 v1.2 Expandable calculations with integers (HO)
Package: ifpdf 2018/09/07 v3.3 Provides the ifpdf switch
Package: etexcmds 2016/05/16 v1.6 Avoid name clashes with e-TeX commands (HO)
Package: kvsetkeys 2016/05/16 v1.17 Key value parser (HO)
Package: kvdefinekeys 2016/05/16 v1.4 Define keys (HO)
Package: pdftexcmds 2018/09/10 v0.29 Utility functions of pdfTeX for LuaTeX (HO
)
Package pdftexcmds Info: LuaTeX not detected.
Package pdftexcmds Info: \pdf@primitive is available.
Package pdftexcmds Info: \pdf@ifprimitive is available.
Package pdftexcmds Info: \pdfdraftmode found.
Package: pdfescape 2016/05/16 v1.14 Implements pdfTeX's escape features (HO)
Package: bigintcalc 2016/05/16 v1.4 Expandable calculations on big integers (HO
)
Package: bitset 2016/05/16 v1.2 Handle bit-vector datatype (HO)
Package: uniquecounter 2016/05/16 v1.3 Provide unlimited unique counter (HO)
)
Package hobsub Info: Skipping package `hobsub' (already loaded).
Package: letltxmacro 2016/05/16 v1.5 Let assignment for LaTeX macros (HO)
Package: hopatch 2016/05/16 v1.3 Wrapper for package hooks (HO)
Package: xcolor-patch 2016/05/16 xcolor patch
Package: atveryend 2016/05/16 v1.9 Hooks at the very end of document (HO)
Package atveryend Info: \enddocument detected (standard20110627).
Package: atbegshi 2016/06/09 v1.18 At begin shipout hook (HO)
Package: refcount 2016/05/16 v3.5 Data extraction from label references (HO)
Package: hycolor 2016/05/16 v1.8 Color options for hyperref/bookmark (HO)
)
(D:\Programme\Miketex\tex/latex/graphics\keyval.sty
Package: keyval 2014/10/28 v1.15 key=value parser (DPC)
\KV@toks@=\toks19
)
(D:\Programme\Miketex\tex/generic/ifxetex\ifxetex.sty
Package: ifxetex 2010/09/12 v0.6 Provides ifxetex conditional
)
(D:\Programme\Miketex\tex/latex/oberdiek\auxhook.sty
Package: auxhook 2016/05/16 v1.4 Hooks for auxiliary files (HO)
)
(D:\Programme\Miketex\tex/latex/oberdiek\kvoptions.sty
Package: kvoptions 2016/05/16 v3.12 Key value format for package options (HO)
)
\@linkdim=\dimen109
\Hy@linkcounter=\count90
\Hy@pagecounter=\count91

(D:\Programme\Miketex\tex/latex/hyperref\pd1enc.def
File: pd1enc.def 2018/11/30 v6.88e Hyperref: PDFDocEncoding definition (HO)
Now handling font encoding PD1 ...
... no UTF-8 mapping file for font encoding PD1
)
\Hy@SavedSpaceFactor=\count92

(D:\Programme\Miketex\tex/latex/00miktex\hyperref.cfg
File: hyperref.cfg 2002/06/06 v1.2 hyperref configuration of TeXLive
)
Package hyperref Info: Hyper figures OFF on input line 4519.
Package hyperref Info: Link nesting OFF on input line 4524.
Package hyperref Info: Hyper index ON on input line 4527.
Package hyperref Info: Plain pages OFF on input line 4534.
Package hyperref Info: Backreferencing OFF on input line 4539.
Package hyperref Info: Implicit mode ON; LaTeX internals redefined.
Package hyperref Info: Bookmarks ON on input line 4772.
\c@Hy@tempcnt=\count93

(D:\Programme\Miketex\tex/latex/url\url.sty
\Urlmuskip=\muskip10
Package: url 2013/09/16  ver 3.4  Verb mode for urls, etc.
)
LaTeX Info: Redefining \url on input line 5125.
\XeTeXLinkMargin=\dimen110
\Fld@menulength=\count94
\Field@Width=\dimen111
\Fld@charsize=\dimen112
Package hyperref Info: Hyper figures OFF on input line 6380.
Package hyperref Info: Link nesting OFF on input line 6385.
Package hyperref Info: Hyper index ON on input line 6388.
Package hyperref Info: backreferencing OFF on input line 6395.
Package hyperref Info: Link coloring OFF on input line 6400.
Package hyperref Info: Link coloring with OCG OFF on input line 6405.
Package hyperref Info: PDF/A mode OFF on input line 6410.
LaTeX Info: Redefining \ref on input line 6450.
LaTeX Info: Redefining \pageref on input line 6454.
\Hy@abspage=\count95
\c@Item=\count96
\c@Hfootnote=\count97
)
Package hyperref Info: Driver (autodetected): hpdftex.

(D:\Programme\Miketex\tex/latex/hyperref\hpdftex.def
File: hpdftex.def 2018/11/30 v6.88e Hyperref driver for pdfTeX
\Fld@listcount=\count98
\c@bookmark@seq@number=\count99

(D:\Programme\Miketex\tex/latex/oberdiek\rerunfilecheck.sty
Package: rerunfilecheck 2016/05/16 v1.8 Rerun checks for auxiliary files (HO)
Package uniquecounter Info: New unique counter `rerunfilecheck' on input line 2
82.
)
\Hy@SectionHShift=\skip47
)
(D:\Programme\Miketex\tex/latex/fancyhdr\fancyhdr.sty
Package: fancyhdr 2019/01/31 v3.10 Extensive control of page headers and footer
s
\f@nch@headwidth=\skip48
\f@nch@O@elh=\skip49
\f@nch@O@erh=\skip50
\f@nch@O@olh=\skip51
\f@nch@O@orh=\skip52
\f@nch@O@elf=\skip53
\f@nch@O@erf=\skip54
\f@nch@O@olf=\skip55
\f@nch@O@orf=\skip56
)
(D:\Programme\Miketex\tex/generic/babel\babel.sty
Package: babel 2018/11/13 3.27 The Babel package

(D:\Programme\Miketex\tex/generic/babel\switch.def
File: switch.def 2018/11/13 3.27 Babel switching mechanism
)
*************************************
* Local config file bblopts.cfg used
*
(D:\Programme\Miketex\tex/latex/arabi\bblopts.cfg
File: bblopts.cfg 2005/09/08 v0.1 add Arabic and Farsi to "declared" options of
 babel
)
(D:\Programme\Miketex\tex/latex/babel-english\english.ldf
Language: english 2017/06/06 v3.3r English support from the babel system

(D:\Programme\Miketex\tex/generic/babel\babel.def
File: babel.def 2018/11/13 3.27 Babel common definitions
\babel@savecnt=\count100
\U@D=\dimen113

(D:\Programme\Miketex\tex/generic/babel\txtbabel.def)
\bbl@dirlevel=\count101
)
\l@canadian = a dialect from \language\l@american 
\l@australian = a dialect from \language\l@british 
\l@newzealand = a dialect from \language\l@british 
))
(D:\Programme\Miketex\tex/latex/graphics\graphicx.sty
Package: graphicx 2017/06/01 v1.1a Enhanced LaTeX Graphics (DPC,SPQR)

(D:\Programme\Miketex\tex/latex/graphics\graphics.sty
Package: graphics 2017/06/25 v1.2c Standard LaTeX Graphics (DPC,SPQR)

(D:\Programme\Miketex\tex/latex/graphics\trig.sty
Package: trig 2016/01/03 v1.10 sin cos tan (DPC)
)
(D:\Programme\Miketex\tex/latex/graphics-cfg\graphics.cfg
File: graphics.cfg 2016/06/04 v1.11 sample graphics configuration
)
Package graphics Info: Driver file: pdftex.def on input line 99.
)
\Gin@req@height=\dimen114
\Gin@req@width=\dimen115
)
(D:\Programme\Miketex\tex/latex/caption\caption.sty
Package: caption 2018/10/06 v3.3-154 Customizing captions (AR)

(D:\Programme\Miketex\tex/latex/caption\caption3.sty
Package: caption3 2018/09/12 v1.8c caption3 kernel (AR)
Package caption3 Info: TeX engine: e-TeX on input line 64.
\captionmargin=\dimen116
\captionmargin@=\dimen117
\captionwidth=\dimen118
\caption@tempdima=\dimen119
\caption@indent=\dimen120
\caption@parindent=\dimen121
\caption@hangindent=\dimen122
)
\c@caption@flags=\count102
\c@ContinuedFloat=\count103
Package caption Info: hyperref package is loaded.
)
(D:\Programme\Miketex\tex/latex/adjustbox\adjustbox.sty
Package: adjustbox 2019/01/04 v1.2 Adjusting TeX boxes (trim, clip, ...)

(D:\Programme\Miketex\tex/latex/xkeyval\xkeyval.sty
Package: xkeyval 2014/12/03 v2.7a package option processing (HA)

(D:\Programme\Miketex\tex/generic/xkeyval\xkeyval.tex
(D:\Programme\Miketex\tex/generic/xkeyval\xkvutils.tex
\XKV@toks=\toks20
\XKV@tempa@toks=\toks21
)
\XKV@depth=\count104
File: xkeyval.tex 2014/12/03 v2.7a key=value parser (HA)
))
(D:\Programme\Miketex\tex/latex/adjustbox\adjcalc.sty
Package: adjcalc 2012/05/16 v1.1 Provides advanced setlength with multiple back
-ends (calc, etex, pgfmath)
)
(D:\Programme\Miketex\tex/latex/adjustbox\trimclip.sty
Package: trimclip 2018/04/08 v1.1 Trim and clip general TeX material

(D:\Programme\Miketex\tex/latex/collectbox\collectbox.sty
Package: collectbox 2012/05/17 v0.4b Collect macro arguments as boxes
\collectedbox=\box29
)
\tc@llx=\dimen123
\tc@lly=\dimen124
\tc@urx=\dimen125
\tc@ury=\dimen126
Package trimclip Info: Using driver 'tc-pdftex.def'.

(D:\Programme\Miketex\tex/latex/adjustbox\tc-pdftex.def
File: tc-pdftex.def 2019/01/04 v2.2 Clipping driver for pdftex
))
\adjbox@Width=\dimen127
\adjbox@Height=\dimen128
\adjbox@Depth=\dimen129
\adjbox@Totalheight=\dimen130
\adjbox@pwidth=\dimen131
\adjbox@pheight=\dimen132
\adjbox@pdepth=\dimen133
\adjbox@ptotalheight=\dimen134

(D:\Programme\Miketex\tex/latex/ifoddpage\ifoddpage.sty
Package: ifoddpage 2016/04/23 v1.1 Conditionals for odd/even page detection
\c@checkoddpage=\count105
)
(D:\Programme\Miketex\tex/latex/varwidth\varwidth.sty
Package: varwidth 2009/03/30 ver 0.92;  Variable-width minipages
\@vwid@box=\box30
\sift@deathcycles=\count106
\@vwid@loff=\dimen135
\@vwid@roff=\dimen136
))
(Rieble_Nikolas_resume.aux)
\openout1 = `Rieble_Nikolas_resume.aux'.

LaTeX Font Info:    Checking defaults for OML/cmm/m/it on input line 73.
LaTeX Font Info:    ... okay on input line 73.
LaTeX Font Info:    Checking defaults for T1/cmr/m/n on input line 73.
LaTeX Font Info:    ... okay on input line 73.
LaTeX Font Info:    Checking defaults for OT1/cmr/m/n on input line 73.
LaTeX Font Info:    ... okay on input line 73.
LaTeX Font Info:    Checking defaults for OMS/cmsy/m/n on input line 73.
LaTeX Font Info:    ... okay on input line 73.
LaTeX Font Info:    Checking defaults for OMX/cmex/m/n on input line 73.
LaTeX Font Info:    ... okay on input line 73.
LaTeX Font Info:    Checking defaults for U/cmr/m/n on input line 73.
LaTeX Font Info:    ... okay on input line 73.
LaTeX Font Info:    Checking defaults for PD1/pdf/m/n on input line 73.
LaTeX Font Info:    ... okay on input line 73.

(D:\Programme\Miketex\tex/context/base/mkii\supp-pdf.mkii
[Loading MPS to PDF converter (version 2006.09.02).]
\scratchcounter=\count107
\scratchdimen=\dimen137
\scratchbox=\box31
\nofMPsegments=\count108
\nofMParguments=\count109
\everyMPshowfont=\toks22
\MPscratchCnt=\count110
\MPscratchDim=\dimen138
\MPnumerator=\count111
\makeMPintoPDFobject=\count112
\everyMPtoPDFconversion=\toks23
) (D:\Programme\Miketex\tex/latex/oberdiek\epstopdf-base.sty
Package: epstopdf-base 2016/05/15 v2.6 Base part for package epstopdf

(D:\Programme\Miketex\tex/latex/oberdiek\grfext.sty
Package: grfext 2016/05/16 v1.2 Manage graphics extensions (HO)
)
Package epstopdf-base Info: Redefining graphics rule for `.eps' on input line 4
38.
Package grfext Info: Graphics extension search list:
(grfext)             [.pdf,.png,.jpg,.mps,.jpeg,.jbig2,.jb2,.PDF,.PNG,.JPG,.JPE
G,.JBIG2,.JB2,.eps]
(grfext)             \AppendGraphicsExtensions on input line 456.
)
\AtBeginShipoutBox=\box32
Package hyperref Info: Link coloring OFF on input line 73.

(D:\Programme\Miketex\tex/latex/hyperref\nameref.sty
Package: nameref 2016/05/21 v2.44 Cross-referencing by name of section

(D:\Programme\Miketex\tex/generic/oberdiek\gettitlestring.sty
Package: gettitlestring 2016/05/16 v1.5 Cleanup title references (HO)
)
\c@section@level=\count113
)
LaTeX Info: Redefining \ref on input line 73.
LaTeX Info: Redefining \pageref on input line 73.
LaTeX Info: Redefining \nameref on input line 73.

(Rieble_Nikolas_resume.out) (Rieble_Nikolas_resume.out)
\@outlinefile=\write3
\openout3 = `Rieble_Nikolas_resume.out'.

Package caption Info: Begin \AtBeginDocument code.
Package caption Info: End \AtBeginDocument code.
LaTeX Font Info:    External font `cmex10' loaded for size
(Font)              <10.95> on input line 84.
LaTeX Font Info:    External font `cmex10' loaded for size
(Font)              <8> on input line 84.
LaTeX Font Info:    External font `cmex10' loaded for size
(Font)              <6> on input line 84.
LaTeX Font Info:    Try loading font information for U+lasy on input line 84.

(D:\Programme\Miketex\tex/latex/base\ulasy.fd
File: ulasy.fd 1998/08/17 v2.2e LaTeX symbol font definitions
)
Underfull \hbox (badness 10000) in alignment at lines 84--93
[][]
 []

<photo.jpg, id=19, 289.08pt x 192.72pt>
File: photo.jpg Graphic file (type jpg)
<use photo.jpg>
Package pdftex.def Info: photo.jpg  used on input line 98.
(pdftex.def)             Requested size: 161.63228pt x 107.75484pt.
LaTeX Font Info:    Try loading font information for OMS+cmr on input line 115.

(D:\Programme\Miketex\tex/latex/base\omscmr.fd
File: omscmr.fd 2014/09/29 v2.5h Standard LaTeX font definitions
)
LaTeX Font Info:    Font shape `OMS/cmr/m/n' in size <10.95> not available
(Font)              Font shape `OMS/cmsy/m/n' tried instead on input line 115.
LaTeX Font Info:    External font `cmex10' loaded for size
(Font)              <7> on input line 123.
LaTeX Font Info:    External font `cmex10' loaded for size
(Font)              <5> on input line 123.
<Unterschrift.png, id=20, 522.95375pt x 162.6075pt>
File: Unterschrift.png Graphic file (type png)
<use Unterschrift.png>
Package pdftex.def Info: Unterschrift.png  used on input line 230.
(pdftex.def)             Requested size: 128.0374pt x 39.81313pt.
Package atveryend Info: Empty hook `BeforeClearDocument' on input line 235.


Package Fancyhdr Warning: \footskip is too small (0.0pt): 
Make it at least 4.08003pt.
We now make it that large for the rest of the document.
This may cause the page layout to be inconsistent, however.

[1

{C:/Users/Spielen und Arbeiten/AppData/Local/MiKTeX/2.9/pdftex/config/pdftex.ma
p} <./photo.jpg> <./Unterschrift.png>]
Package atveryend Info: Empty hook `AfterLastShipout' on input line 235.
 (Rieble_Nikolas_resume.aux)
Package atveryend Info: Executing hook `AtVeryEndDocument' on input line 235.
Package atveryend Info: Executing hook `AtEndAfterFileList' on input line 235.


Package rerunfilecheck Warning: File `Rieble_Nikolas_resume.out' has changed.
(rerunfilecheck)                Rerun to get outlines right
(rerunfilecheck)                or use package `bookmark'.

Package rerunfilecheck Info: Checksums for `Rieble_Nikolas_resume.out':
(rerunfilecheck)             Before: 202520B558126DD168AB35836D882D86;193
(rerunfilecheck)             After:  B31626E04E64DD71466F673719E944BC;193.
Package atveryend Info: Empty hook `AtVeryVeryEnd' on input line 235.
 ) 
Here is how much of TeX's memory you used:
 8850 strings out of 492946
 133412 string characters out of 3138598
 246713 words of memory out of 3000000
 12624 multiletter control sequences out of 15000+200000
 8232 words of font info for 33 fonts, out of 3000000 for 9000
 1141 hyphenation exceptions out of 8191
 36i,11n,77p,249b,435s stack positions out of 5000i,500n,10000p,200000b,50000s
<D:/Programme/Miketex/fonts/type1/public/amsfonts/cm/cmbx10.pfb><D:/Programme
/Miketex/fonts/type1/public/amsfonts/cm/cmbx12.pfb><D:/Programme/Miketex/fonts/
type1/public/amsfonts/cm/cmcsc10.pfb><D:/Programme/Miketex/fonts/type1/public/a
msfonts/cm/cmr10.pfb><D:/Programme/Miketex/fonts/type1/public/amsfonts/cm/cmsy1
0.pfb>
Output written on Rieble_Nikolas_resume.pdf (1 page, 498932 bytes).
PDF statistics:
 54 PDF objects out of 1000 (max. 8388607)
 8 named destinations out of 1000 (max. 500000)
 43 words of extra memory for PDF output out of 10000 (max. 10000000)

